2023-04-23 17:40:29,619 : INFO : control_room : load_config_file : loading the Config file.
2023-04-23 17:40:29,619 : INFO : control_room : load_config_file : Config file loaded successfully.
2023-04-23 17:40:29,619 : INFO : control_room : main : Extracting the xml source file url
2023-04-23 17:40:29,619 : INFO : control_room : main : Extracting the csv file path from config file
2023-04-23 17:40:29,619 : INFO : control_room : main : Extracting the xml file download path
2023-04-23 17:40:29,619 : INFO : control_room : main : Extracting AWS s3 bucket resource information from config file
2023-04-23 17:40:29,619 : INFO : control_room : main : Calling download function
2023-04-23 17:40:29,619 : INFO : helping_function : download : Downloading the xml file by the link provided.
2023-04-23 17:40:30,874 : INFO : helping_function : download : xml file downloaded
2023-04-23 17:40:30,874 : INFO : control_room : main : Calling the parse_source_xml function
2023-04-23 17:40:30,874 : INFO : helping_function : parse_source_xml : Loading the xml file.
2023-04-23 17:40:30,877 : INFO : helping_function : parse_source_xml : Parsing the xml file.
2023-04-23 17:40:30,877 : INFO : helping_function : parse_source_xml : Traversing all the doc elements.
2023-04-23 17:40:30,877 : INFO : helping_function : parse_source_xml : Extracting the file type
2023-04-23 17:40:30,877 : INFO : helping_function : parse_source_xml : Match found for file type DLTINS
2023-04-23 17:40:30,877 : INFO : helping_function : parse_source_xml : Extracting the file name
2023-04-23 17:40:30,877 : INFO : helping_function : parse_source_xml : Extracting the file download link
2023-04-23 17:40:30,877 : INFO : control_room : main : Calling download function
2023-04-23 17:40:30,877 : INFO : helping_function : download : Downloading the xml file by the link provided.
2023-04-23 17:40:35,081 : INFO : helping_function : download : xml file downloaded
2023-04-23 17:40:35,081 : INFO : helping_function : unzip_file : Extracting the compressed file
2023-04-23 17:40:35,487 : INFO : helping_function : unzip_file : Compressed file extracted
2023-04-23 17:40:35,487 : INFO : control_room : main : Calling create csv function
2023-04-23 17:40:35,487 : INFO : helping_function : create_csv : Loading the xml file
2023-04-23 17:40:36,391 : INFO : helping_function : create_csv : Parsing the xml file...
2023-04-23 17:40:36,391 : INFO : helping_function : create_csv : Extracting the required data from xml
2023-04-23 17:40:42,359 : INFO : helping_function : create_csv : All the required data extracted from xml file
2023-04-23 17:40:43,931 : INFO : helping_function : create_csv : Dropping empty rows
2023-04-23 17:40:43,949 : INFO : helping_function : create_csv : Creating the CSV file
2023-04-23 17:40:56,439 : INFO : helping_function : aws_s3_upload : Creating S3 resource object
2023-04-23 17:40:56,599 : INFO : helping_function : aws_s3_upload : Uploading the file to s3 bucket
2023-04-23 17:41:11,291 : INFO : helping_function : aws_s3_upload : File uploaded successfully to s3 bucket
2023-04-23 17:43:41,223 : INFO : control_room : load_config_file : loading the Config file.
2023-04-23 17:43:41,223 : INFO : control_room : load_config_file : Config file loaded successfully.
2023-04-23 17:43:41,223 : INFO : helping_function : create_csv : Loading the xml file
2023-04-23 17:43:41,227 : INFO : helping_function : create_csv : Parsing the xml file...
2023-04-23 17:43:41,227 : INFO : helping_function : create_csv : Extracting the required data from xml
2023-04-23 17:43:47,364 : INFO : helping_function : create_csv : All the required data extracted from xml file
2023-04-23 17:43:48,963 : INFO : helping_function : create_csv : Dropping empty rows
2023-04-23 17:43:48,974 : INFO : helping_function : create_csv : Creating the CSV file
2023-04-23 17:44:04,605 : INFO : helping_function : create_csv : Loading the xml file
2023-04-23 17:44:04,605 : ERROR : helping_function : create_csv : Error occurred while extracting - [Errno 2] No such file or directory: 'somerandomfile'
2023-04-23 17:44:04,606 : INFO : helping_function : create_csv : Loading the xml file
2023-04-23 17:44:04,607 : INFO : helping_function : create_csv : Parsing the xml file...
2023-04-23 17:44:04,607 : INFO : helping_function : create_csv : Extracting the required data from xml
2023-04-23 17:44:10,734 : INFO : helping_function : create_csv : All the required data extracted from xml file
2023-04-23 17:44:12,323 : INFO : helping_function : create_csv : Dropping empty rows
2023-04-23 17:44:12,334 : INFO : helping_function : create_csv : Creating the CSV file
2023-04-23 17:44:12,384 : ERROR : helping_function : create_csv : Error occurred while extracting - [Errno 2] No such file or directory: 'D:\\kqcA CK j \\DLTINS_20210117_01of01.csv'
2023-04-23 17:44:12,627 : INFO : helping_function : download : Downloading the xml file by the link provided.
2023-04-23 17:44:13,745 : INFO : helping_function : download : xml file downloaded
2023-04-23 17:44:13,745 : INFO : helping_function : download : Downloading the xml file by the link provided.
2023-04-23 17:44:14,328 : INFO : helping_function : download : Downloading the xml file by the link provided.
2023-04-23 17:44:15,508 : INFO : helping_function : download : xml file downloaded
2023-04-23 17:44:15,512 : INFO : helping_function : download : Downloading the xml file by the link provided.
2023-04-23 17:44:16,624 : INFO : helping_function : download : xml file downloaded
2023-04-23 17:44:16,624 : INFO : helping_function : parse_source_xml : Loading the xml file.
2023-04-23 17:44:16,633 : INFO : helping_function : parse_source_xml : Parsing the xml file.
2023-04-23 17:44:16,633 : INFO : helping_function : parse_source_xml : Traversing all the doc elements.
2023-04-23 17:44:16,633 : INFO : helping_function : parse_source_xml : Extracting the file type
2023-04-23 17:44:16,633 : INFO : helping_function : parse_source_xml : Match found for file type DLTINS
2023-04-23 17:44:16,633 : INFO : helping_function : parse_source_xml : Extracting the file name
2023-04-23 17:44:16,633 : INFO : helping_function : parse_source_xml : Extracting the file download link
2023-04-23 17:44:16,633 : INFO : helping_function : parse_source_xml : Loading the xml file.
2023-04-23 17:44:16,633 : ERROR : helping_function : parse_source_xml : Error occurred - [Errno 2] No such file or directory: 'D:\\STEELEYE\\SteelEyeAssignment\\xml_files\\sourcefile.pwg'
2023-04-23 17:44:16,633 : INFO : helping_function : unzip_file : Extracting the compressed file
2023-04-23 17:44:16,924 : INFO : helping_function : unzip_file : Compressed file extracted
2023-04-23 17:44:16,924 : INFO : helping_function : unzip_file : Extracting the compressed file
2023-04-23 17:44:16,924 : ERROR : helping_function : unzip_file : Error occurred while extracting - [Errno 2] No such file or directory: 'D:\\kqcA CK j \\DLTINS_20210117_01of01.xml'
2023-04-23 17:44:16,924 : INFO : helping_function : unzip_file : Extracting the compressed file
2023-04-23 17:44:16,924 : ERROR : helping_function : unzip_file : Error occurred while extracting - [Errno 2] No such file or directory: 'D:\\somerandomfile'
2023-04-23 17:45:33,297 : INFO : control_room : load_config_file : loading the Config file.
2023-04-23 17:45:33,298 : INFO : control_room : load_config_file : Config file loaded successfully.
2023-04-23 17:45:33,298 : INFO : control_room : main : Extracting the xml source file url
2023-04-23 17:45:33,298 : INFO : control_room : main : Extracting the csv file path from config file
2023-04-23 17:45:33,298 : INFO : control_room : main : Extracting the xml file download path
2023-04-23 17:45:33,298 : INFO : control_room : main : Extracting AWS s3 bucket resource information from config file
2023-04-23 17:45:33,298 : INFO : control_room : main : Calling download function
2023-04-23 17:45:33,298 : INFO : helping_function : download : Downloading the xml file by the link provided.
2023-04-23 17:45:34,384 : INFO : helping_function : download : xml file downloaded
2023-04-23 17:45:34,384 : INFO : control_room : main : Calling the parse_source_xml function
2023-04-23 17:45:34,384 : INFO : helping_function : parse_source_xml : Loading the xml file.
2023-04-23 17:45:34,385 : INFO : helping_function : parse_source_xml : Parsing the xml file.
2023-04-23 17:45:34,385 : INFO : helping_function : parse_source_xml : Traversing all the doc elements.
2023-04-23 17:45:34,385 : INFO : helping_function : parse_source_xml : Extracting the file type
2023-04-23 17:45:34,385 : INFO : helping_function : parse_source_xml : Match found for file type DLTINS
2023-04-23 17:45:34,385 : INFO : helping_function : parse_source_xml : Extracting the file name
2023-04-23 17:45:34,385 : INFO : helping_function : parse_source_xml : Extracting the file download link
2023-04-23 17:45:34,385 : INFO : control_room : main : Calling download function
2023-04-23 17:45:34,385 : INFO : helping_function : download : Downloading the xml file by the link provided.
2023-04-23 17:45:36,499 : INFO : helping_function : download : xml file downloaded
2023-04-23 17:45:36,499 : INFO : helping_function : unzip_file : Extracting the compressed file
2023-04-23 17:45:36,951 : INFO : helping_function : unzip_file : Compressed file extracted
2023-04-23 17:45:36,951 : INFO : control_room : main : Calling create csv function
2023-04-23 17:45:36,951 : INFO : helping_function : create_csv : Loading the xml file
2023-04-23 17:45:37,785 : INFO : helping_function : create_csv : Parsing the xml file...
2023-04-23 17:45:37,785 : INFO : helping_function : create_csv : Extracting the required data from xml
2023-04-23 17:45:43,832 : INFO : helping_function : create_csv : All the required data extracted from xml file
2023-04-23 17:45:45,431 : INFO : helping_function : create_csv : Dropping empty rows
2023-04-23 17:45:45,446 : INFO : helping_function : create_csv : Creating the CSV file
2023-04-23 17:45:57,920 : INFO : helping_function : aws_s3_upload : Creating S3 resource object
2023-04-23 17:45:58,079 : INFO : helping_function : aws_s3_upload : Uploading the file to s3 bucket
2023-04-23 17:46:30,658 : INFO : helping_function : aws_s3_upload : File uploaded successfully to s3 bucket
2023-04-23 17:46:59,661 : INFO : control_room : load_config_file : loading the Config file.
2023-04-23 17:46:59,666 : INFO : control_room : load_config_file : Config file loaded successfully.
2023-04-23 17:46:59,666 : INFO : control_room : main : Extracting the xml source file url
2023-04-23 17:46:59,666 : INFO : control_room : main : Extracting the csv file path from config file
2023-04-23 17:46:59,666 : INFO : control_room : main : Extracting the xml file download path
2023-04-23 17:46:59,666 : INFO : control_room : main : Extracting AWS s3 bucket resource information from config file
2023-04-23 17:46:59,666 : INFO : control_room : main : Calling download function
2023-04-23 17:46:59,666 : INFO : helping_function : download : Downloading the xml file by the link provided.
2023-04-23 17:47:00,832 : INFO : helping_function : download : xml file downloaded
2023-04-23 17:47:00,832 : INFO : control_room : main : Calling the parse_source_xml function
2023-04-23 17:47:00,832 : INFO : helping_function : parse_source_xml : Loading the xml file.
2023-04-23 17:47:00,832 : INFO : helping_function : parse_source_xml : Parsing the xml file.
2023-04-23 17:47:00,832 : INFO : helping_function : parse_source_xml : Traversing all the doc elements.
2023-04-23 17:47:00,832 : INFO : helping_function : parse_source_xml : Extracting the file type
2023-04-23 17:47:00,832 : INFO : helping_function : parse_source_xml : Match found for file type DLTINS
2023-04-23 17:47:00,832 : INFO : helping_function : parse_source_xml : Extracting the file name
2023-04-23 17:47:00,832 : INFO : helping_function : parse_source_xml : Extracting the file download link
2023-04-23 17:47:00,840 : INFO : control_room : main : Calling download function
2023-04-23 17:47:00,840 : INFO : helping_function : download : Downloading the xml file by the link provided.
2023-04-23 17:47:03,761 : INFO : helping_function : download : xml file downloaded
2023-04-23 17:47:03,761 : INFO : helping_function : unzip_file : Extracting the compressed file
2023-04-23 17:47:04,121 : INFO : helping_function : unzip_file : Compressed file extracted
2023-04-23 17:47:04,121 : INFO : control_room : main : Calling create csv function
2023-04-23 17:47:04,121 : INFO : helping_function : create_csv : Loading the xml file
2023-04-23 17:47:05,014 : INFO : helping_function : create_csv : Parsing the xml file...
2023-04-23 17:47:05,020 : INFO : helping_function : create_csv : Extracting the required data from xml
2023-04-23 17:47:10,900 : INFO : helping_function : create_csv : All the required data extracted from xml file
2023-04-23 17:47:12,481 : INFO : helping_function : create_csv : Dropping empty rows
2023-04-23 17:47:12,500 : INFO : helping_function : create_csv : Creating the CSV file
2023-04-23 17:47:25,391 : INFO : helping_function : aws_s3_upload : Creating S3 resource object
2023-04-23 17:47:25,541 : INFO : helping_function : aws_s3_upload : Uploading the file to s3 bucket
2023-04-23 17:47:55,251 : INFO : helping_function : aws_s3_upload : File uploaded successfully to s3 bucket
2023-04-23 17:52:56,971 : INFO : control_room : load_config_file : loading the Config file.
2023-04-23 17:52:56,980 : INFO : control_room : load_config_file : Config file loaded successfully.
2023-04-23 17:52:56,981 : INFO : control_room : main : Extracting the xml source file url
2023-04-23 17:52:56,981 : INFO : control_room : main : Extracting the csv file path from config file
2023-04-23 17:52:56,981 : INFO : control_room : main : Extracting the xml file download path
2023-04-23 17:52:56,981 : INFO : control_room : main : Extracting AWS s3 bucket resource information from config file
2023-04-23 17:52:56,981 : INFO : control_room : main : Calling download function
2023-04-23 17:52:56,981 : INFO : helping_function : download : Downloading the xml file by the link provided.
2023-04-23 17:52:58,220 : INFO : helping_function : download : xml file downloaded
2023-04-23 17:52:58,220 : INFO : control_room : main : Calling the parse_source_xml function
2023-04-23 17:52:58,220 : INFO : helping_function : parse_source_xml : Loading the xml file.
2023-04-23 17:52:58,220 : INFO : helping_function : parse_source_xml : Parsing the xml file.
2023-04-23 17:52:58,220 : INFO : helping_function : parse_source_xml : Traversing all the doc elements.
2023-04-23 17:52:58,220 : INFO : helping_function : parse_source_xml : Extracting the file type
2023-04-23 17:52:58,220 : INFO : helping_function : parse_source_xml : Match found for file type DLTINS
2023-04-23 17:52:58,220 : INFO : helping_function : parse_source_xml : Extracting the file name
2023-04-23 17:52:58,220 : INFO : helping_function : parse_source_xml : Extracting the file download link
2023-04-23 17:52:58,225 : INFO : control_room : main : Calling download function
2023-04-23 17:52:58,225 : INFO : helping_function : download : Downloading the xml file by the link provided.
2023-04-23 17:53:00,381 : INFO : helping_function : download : xml file downloaded
2023-04-23 17:53:00,381 : INFO : helping_function : unzip_file : Extracting the compressed file
2023-04-23 17:53:00,800 : INFO : helping_function : unzip_file : Compressed file extracted
2023-04-23 17:53:00,800 : INFO : control_room : main : Calling create csv function
2023-04-23 17:53:00,800 : INFO : helping_function : create_csv : Loading the xml file
2023-04-23 17:53:02,610 : INFO : helping_function : create_csv : Parsing the xml file...
2023-04-23 17:53:02,610 : INFO : helping_function : create_csv : Extracting the required data from xml
2023-04-23 17:53:08,820 : INFO : helping_function : create_csv : All the required data extracted from xml file
2023-04-23 17:53:10,494 : INFO : helping_function : create_csv : Dropping empty rows
2023-04-23 17:53:10,510 : INFO : helping_function : create_csv : Creating the CSV file
2023-04-23 17:53:25,365 : INFO : helping_function : aws_s3_upload : Creating S3 resource object
2023-04-23 17:53:25,509 : INFO : helping_function : aws_s3_upload : Uploading the file to s3 bucket
2023-04-23 17:53:43,478 : INFO : helping_function : aws_s3_upload : File uploaded successfully to s3 bucket
2023-04-23 17:53:50,458 : INFO : control_room : load_config_file : loading the Config file.
2023-04-23 17:53:50,458 : INFO : control_room : load_config_file : Config file loaded successfully.
2023-04-23 17:53:50,458 : INFO : helping_function : create_csv : Loading the xml file
2023-04-23 17:53:50,458 : INFO : helping_function : create_csv : Parsing the xml file...
2023-04-23 17:53:50,458 : INFO : helping_function : create_csv : Extracting the required data from xml
2023-04-23 17:53:56,520 : INFO : helping_function : create_csv : All the required data extracted from xml file
2023-04-23 17:53:58,258 : INFO : helping_function : create_csv : Dropping empty rows
2023-04-23 17:53:58,276 : INFO : helping_function : create_csv : Creating the CSV file
2023-04-23 17:54:12,058 : INFO : helping_function : create_csv : Loading the xml file
2023-04-23 17:54:12,058 : ERROR : helping_function : create_csv : Error occurred while extracting - [Errno 2] No such file or directory: 'somerandomfile'
2023-04-23 17:54:12,058 : INFO : helping_function : create_csv : Loading the xml file
2023-04-23 17:54:12,067 : INFO : helping_function : create_csv : Parsing the xml file...
2023-04-23 17:54:12,067 : INFO : helping_function : create_csv : Extracting the required data from xml
2023-04-23 17:54:18,568 : INFO : helping_function : create_csv : All the required data extracted from xml file
2023-04-23 17:54:20,278 : INFO : helping_function : create_csv : Dropping empty rows
2023-04-23 17:54:20,296 : INFO : helping_function : create_csv : Creating the CSV file
2023-04-23 17:54:20,337 : ERROR : helping_function : create_csv : Error occurred while extracting - [Errno 2] No such file or directory: 'D:\\kqcA CK j \\DLTINS_20210117_01of01.csv'
2023-04-23 17:54:20,716 : INFO : helping_function : download : Downloading the xml file by the link provided.
2023-04-23 17:54:21,689 : INFO : helping_function : download : xml file downloaded
2023-04-23 17:54:21,689 : INFO : helping_function : download : Downloading the xml file by the link provided.
2023-04-23 17:54:22,218 : INFO : helping_function : download : Downloading the xml file by the link provided.
2023-04-23 17:54:23,146 : INFO : helping_function : download : xml file downloaded
2023-04-23 17:54:23,147 : INFO : helping_function : download : Downloading the xml file by the link provided.
2023-04-23 17:54:24,209 : INFO : helping_function : download : xml file downloaded
2023-04-23 17:54:24,216 : INFO : helping_function : parse_source_xml : Loading the xml file.
2023-04-23 17:54:24,217 : INFO : helping_function : parse_source_xml : Parsing the xml file.
2023-04-23 17:54:24,217 : INFO : helping_function : parse_source_xml : Traversing all the doc elements.
2023-04-23 17:54:24,217 : INFO : helping_function : parse_source_xml : Extracting the file type
2023-04-23 17:54:24,217 : INFO : helping_function : parse_source_xml : Match found for file type DLTINS
2023-04-23 17:54:24,217 : INFO : helping_function : parse_source_xml : Extracting the file name
2023-04-23 17:54:24,217 : INFO : helping_function : parse_source_xml : Extracting the file download link
2023-04-23 17:54:24,221 : INFO : helping_function : parse_source_xml : Loading the xml file.
2023-04-23 17:54:24,221 : ERROR : helping_function : parse_source_xml : Error occurred - [Errno 2] No such file or directory: 'D:\\STEELEYE\\SteelEyeAssignment\\xml_folder\\sourcefile.pwg'
2023-04-23 17:54:24,221 : INFO : helping_function : unzip_file : Extracting the compressed file
2023-04-23 17:54:24,536 : INFO : helping_function : unzip_file : Compressed file extracted
2023-04-23 17:54:24,536 : INFO : helping_function : unzip_file : Extracting the compressed file
2023-04-23 17:54:24,536 : ERROR : helping_function : unzip_file : Error occurred while extracting - [Errno 2] No such file or directory: 'D:\\kqcA CK j \\DLTINS_20210117_01of01.xml'
2023-04-23 17:54:24,536 : INFO : helping_function : unzip_file : Extracting the compressed file
2023-04-23 17:54:24,536 : ERROR : helping_function : unzip_file : Error occurred while extracting - [Errno 2] No such file or directory: 'D:\\somerandomfile'
2023-04-23 17:57:11,507 : INFO : control_room : load_config_file : loading the Config file.
2023-04-23 17:57:11,507 : INFO : control_room : load_config_file : Config file loaded successfully.
2023-04-23 17:57:11,507 : INFO : helping_function : create_csv : Loading the xml file
2023-04-23 17:57:13,383 : INFO : helping_function : create_csv : Parsing the xml file...
2023-04-23 17:57:13,383 : INFO : helping_function : create_csv : Extracting the required data from xml
2023-04-23 17:57:19,958 : INFO : helping_function : create_csv : All the required data extracted from xml file
2023-04-23 17:57:21,799 : INFO : helping_function : create_csv : Dropping empty rows
2023-04-23 17:57:21,818 : INFO : helping_function : create_csv : Creating the CSV file
2023-04-23 17:57:36,938 : INFO : helping_function : create_csv : Loading the xml file
2023-04-23 17:57:36,938 : ERROR : helping_function : create_csv : Error occurred while extracting - [Errno 2] No such file or directory: 'somerandomfile'
2023-04-23 17:57:36,938 : INFO : helping_function : create_csv : Loading the xml file
2023-04-23 17:57:36,938 : INFO : helping_function : create_csv : Parsing the xml file...
2023-04-23 17:57:36,938 : INFO : helping_function : create_csv : Extracting the required data from xml
2023-04-23 17:57:43,238 : INFO : helping_function : create_csv : All the required data extracted from xml file
2023-04-23 17:57:44,891 : INFO : helping_function : create_csv : Dropping empty rows
2023-04-23 17:57:44,908 : INFO : helping_function : create_csv : Creating the CSV file
2023-04-23 17:57:44,956 : ERROR : helping_function : create_csv : Error occurred while extracting - [Errno 2] No such file or directory: 'D:\\kqcA CK j \\DLTINS_20210117_01of01.csv'
2023-04-23 17:57:45,197 : INFO : helping_function : download : Downloading the xml file by the link provided.
2023-04-23 17:57:46,102 : INFO : helping_function : download : xml file downloaded
2023-04-23 17:57:46,102 : INFO : helping_function : download : Downloading the xml file by the link provided.
2023-04-23 17:57:46,696 : INFO : helping_function : download : Downloading the xml file by the link provided.
2023-04-23 17:57:47,549 : INFO : helping_function : download : xml file downloaded
2023-04-23 17:57:47,549 : INFO : helping_function : download : Downloading the xml file by the link provided.
2023-04-23 17:57:48,528 : INFO : helping_function : download : xml file downloaded
2023-04-23 17:57:48,528 : INFO : helping_function : parse_source_xml : Loading the xml file.
2023-04-23 17:57:48,536 : INFO : helping_function : parse_source_xml : Parsing the xml file.
2023-04-23 17:57:48,536 : INFO : helping_function : parse_source_xml : Traversing all the doc elements.
2023-04-23 17:57:48,536 : INFO : helping_function : parse_source_xml : Extracting the file type
2023-04-23 17:57:48,536 : INFO : helping_function : parse_source_xml : Match found for file type DLTINS
2023-04-23 17:57:48,536 : INFO : helping_function : parse_source_xml : Extracting the file name
2023-04-23 17:57:48,536 : INFO : helping_function : parse_source_xml : Extracting the file download link
2023-04-23 17:57:48,536 : INFO : helping_function : parse_source_xml : Loading the xml file.
2023-04-23 17:57:48,536 : ERROR : helping_function : parse_source_xml : Error occurred - [Errno 2] No such file or directory: 'D:\\STEELEYE\\SteelEyeAssignment\\xml_folder\\sourcefile.pwg'
2023-04-23 17:57:48,536 : INFO : helping_function : unzip_file : Extracting the compressed file
2023-04-23 17:57:48,921 : INFO : helping_function : unzip_file : Compressed file extracted
2023-04-23 17:57:48,921 : INFO : helping_function : unzip_file : Extracting the compressed file
2023-04-23 17:57:48,921 : ERROR : helping_function : unzip_file : Error occurred while extracting - [Errno 2] No such file or directory: 'D:\\kqcA CK j \\DLTINS_20210117_01of01.xml'
2023-04-23 17:57:48,921 : INFO : helping_function : unzip_file : Extracting the compressed file
2023-04-23 17:57:48,921 : ERROR : helping_function : unzip_file : Error occurred while extracting - [Errno 2] No such file or directory: 'D:\\somerandomfile'
2023-04-23 17:59:56,362 : INFO : control_room : load_config_file : loading the Config file.
2023-04-23 17:59:56,362 : INFO : control_room : load_config_file : Config file loaded successfully.
2023-04-23 17:59:56,362 : INFO : helping_function : create_csv : Loading the xml file
2023-04-23 17:59:58,258 : INFO : helping_function : create_csv : Parsing the xml file...
2023-04-23 17:59:58,258 : INFO : helping_function : create_csv : Extracting the required data from xml
2023-04-23 18:00:04,479 : INFO : helping_function : create_csv : All the required data extracted from xml file
2023-04-23 18:00:06,132 : INFO : helping_function : create_csv : Dropping empty rows
2023-04-23 18:00:06,148 : INFO : helping_function : create_csv : Creating the CSV file
2023-04-23 18:00:19,383 : INFO : helping_function : create_csv : Loading the xml file
2023-04-23 18:00:19,383 : ERROR : helping_function : create_csv : Error occurred while extracting - [Errno 2] No such file or directory: 'somerandomfile'
2023-04-23 18:00:19,383 : INFO : helping_function : create_csv : Loading the xml file
2023-04-23 18:00:19,383 : INFO : helping_function : create_csv : Parsing the xml file...
2023-04-23 18:00:19,383 : INFO : helping_function : create_csv : Extracting the required data from xml
2023-04-23 18:00:25,853 : INFO : helping_function : create_csv : All the required data extracted from xml file
2023-04-23 18:00:27,524 : INFO : helping_function : create_csv : Dropping empty rows
2023-04-23 18:00:27,546 : INFO : helping_function : create_csv : Creating the CSV file
2023-04-23 18:00:27,582 : ERROR : helping_function : create_csv : Error occurred while extracting - [Errno 2] No such file or directory: 'D:\\kqcA CK j \\DLTINS_20210117_01of01.csv'
2023-04-23 18:00:27,826 : INFO : helping_function : download : Downloading the xml file by the link provided.
2023-04-23 18:00:28,932 : INFO : helping_function : download : xml file downloaded
2023-04-23 18:00:28,932 : INFO : helping_function : download : Downloading the xml file by the link provided.
2023-04-23 18:00:29,572 : INFO : helping_function : download : Downloading the xml file by the link provided.
2023-04-23 18:00:30,563 : INFO : helping_function : download : xml file downloaded
2023-04-23 18:00:30,564 : INFO : helping_function : download : Downloading the xml file by the link provided.
2023-04-23 18:00:31,394 : INFO : helping_function : download : xml file downloaded
2023-04-23 18:00:31,398 : INFO : helping_function : parse_source_xml : Loading the xml file.
2023-04-23 18:00:31,398 : INFO : helping_function : parse_source_xml : Parsing the xml file.
2023-04-23 18:00:31,398 : INFO : helping_function : parse_source_xml : Traversing all the doc elements.
2023-04-23 18:00:31,398 : INFO : helping_function : parse_source_xml : Extracting the file type
2023-04-23 18:00:31,398 : INFO : helping_function : parse_source_xml : Match found for file type DLTINS
2023-04-23 18:00:31,401 : INFO : helping_function : parse_source_xml : Extracting the file name
2023-04-23 18:00:31,401 : INFO : helping_function : parse_source_xml : Extracting the file download link
2023-04-23 18:00:31,402 : INFO : helping_function : parse_source_xml : Loading the xml file.
2023-04-23 18:00:31,402 : INFO : helping_function : parse_source_xml : Parsing the xml file.
2023-04-23 18:00:31,402 : INFO : helping_function : parse_source_xml : Traversing all the doc elements.
2023-04-23 18:00:31,402 : INFO : helping_function : parse_source_xml : Extracting the file type
2023-04-23 18:00:31,402 : INFO : helping_function : parse_source_xml : Match found for file type DLTINS
2023-04-23 18:00:31,402 : INFO : helping_function : parse_source_xml : Extracting the file name
2023-04-23 18:00:31,402 : INFO : helping_function : parse_source_xml : Extracting the file download link
2023-04-23 18:00:31,403 : INFO : helping_function : unzip_file : Extracting the compressed file
2023-04-23 18:00:31,782 : INFO : helping_function : unzip_file : Compressed file extracted
2023-04-23 18:00:31,782 : INFO : helping_function : unzip_file : Extracting the compressed file
2023-04-23 18:00:31,782 : ERROR : helping_function : unzip_file : Error occurred while extracting - [Errno 2] No such file or directory: 'D:\\kqcA CK j \\DLTINS_20210117_01of01.xml'
2023-04-23 18:00:31,782 : INFO : helping_function : unzip_file : Extracting the compressed file
2023-04-23 18:00:31,782 : ERROR : helping_function : unzip_file : Error occurred while extracting - [Errno 2] No such file or directory: 'D:\\somerandomfile'
2023-04-23 18:04:22,010 : INFO : control_room : load_config_file : loading the Config file.
2023-04-23 18:04:22,010 : INFO : control_room : load_config_file : Config file loaded successfully.
2023-04-23 18:04:22,010 : INFO : helping_function : create_csv : Loading the xml file
2023-04-23 18:04:23,875 : INFO : helping_function : create_csv : Parsing the xml file...
2023-04-23 18:04:23,876 : INFO : helping_function : create_csv : Extracting the required data from xml
2023-04-23 18:04:30,232 : INFO : helping_function : create_csv : All the required data extracted from xml file
2023-04-23 18:04:31,946 : INFO : helping_function : create_csv : Dropping empty rows
2023-04-23 18:04:31,960 : INFO : helping_function : create_csv : Creating the CSV file
2023-04-23 18:04:47,086 : INFO : helping_function : create_csv : Loading the xml file
2023-04-23 18:04:47,086 : ERROR : helping_function : create_csv : Error occurred while extracting - [Errno 2] No such file or directory: 'somerandomfile'
2023-04-23 18:04:47,086 : INFO : helping_function : create_csv : Loading the xml file
2023-04-23 18:04:47,092 : INFO : helping_function : create_csv : Parsing the xml file...
2023-04-23 18:04:47,092 : INFO : helping_function : create_csv : Extracting the required data from xml
2023-04-23 18:04:54,018 : INFO : helping_function : create_csv : All the required data extracted from xml file
2023-04-23 18:04:55,887 : INFO : helping_function : create_csv : Dropping empty rows
2023-04-23 18:04:55,908 : INFO : helping_function : create_csv : Creating the CSV file
2023-04-23 18:04:55,956 : ERROR : helping_function : create_csv : Error occurred while extracting - [Errno 2] No such file or directory: 'D:\\kqcA CK j \\DLTINS_20210117_01of01.csv'
2023-04-23 18:04:56,220 : INFO : helping_function : download : Downloading the xml file by the link provided.
2023-04-23 18:04:57,106 : INFO : helping_function : download : xml file downloaded
2023-04-23 18:04:57,106 : INFO : helping_function : download : Downloading the xml file by the link provided.
2023-04-23 18:04:57,729 : INFO : helping_function : download : Downloading the xml file by the link provided.
2023-04-23 18:04:58,698 : INFO : helping_function : download : xml file downloaded
2023-04-23 18:04:58,698 : INFO : helping_function : download : Downloading the xml file by the link provided.
2023-04-23 18:04:59,708 : INFO : helping_function : download : xml file downloaded
2023-04-23 18:04:59,722 : INFO : helping_function : parse_source_xml : Loading the xml file.
2023-04-23 18:04:59,722 : INFO : helping_function : parse_source_xml : Parsing the xml file.
2023-04-23 18:04:59,722 : INFO : helping_function : parse_source_xml : Traversing all the doc elements.
2023-04-23 18:04:59,722 : INFO : helping_function : parse_source_xml : Extracting the file type
2023-04-23 18:04:59,722 : INFO : helping_function : parse_source_xml : Match found for file type DLTINS
2023-04-23 18:04:59,725 : INFO : helping_function : parse_source_xml : Extracting the file name
2023-04-23 18:04:59,725 : INFO : helping_function : parse_source_xml : Extracting the file download link
2023-04-23 18:04:59,725 : INFO : helping_function : parse_source_xml : Loading the xml file.
2023-04-23 18:04:59,725 : ERROR : helping_function : parse_source_xml : Error occurred - [Errno 2] No such file or directory: 'D:\\STEELEYE\\SteelEyeAssignment\\xml_folder\\sourcefile.pwg'
2023-04-23 18:04:59,725 : INFO : helping_function : unzip_file : Extracting the compressed file
2023-04-23 18:05:00,096 : INFO : helping_function : unzip_file : Compressed file extracted
2023-04-23 18:05:00,096 : INFO : helping_function : unzip_file : Extracting the compressed file
2023-04-23 18:05:01,025 : INFO : helping_function : unzip_file : Compressed file extracted
2023-04-23 18:07:24,352 : INFO : control_room : load_config_file : loading the Config file.
2023-04-23 18:07:24,352 : INFO : control_room : load_config_file : Config file loaded successfully.
2023-04-23 18:07:24,352 : INFO : helping_function : create_csv : Loading the xml file
2023-04-23 18:07:26,148 : INFO : helping_function : create_csv : Parsing the xml file...
2023-04-23 18:07:26,148 : INFO : helping_function : create_csv : Extracting the required data from xml
2023-04-23 18:07:32,377 : INFO : helping_function : create_csv : All the required data extracted from xml file
2023-04-23 18:07:34,137 : INFO : helping_function : create_csv : Dropping empty rows
2023-04-23 18:07:34,156 : INFO : helping_function : create_csv : Creating the CSV file
2023-04-23 18:07:47,212 : INFO : helping_function : create_csv : Loading the xml file
2023-04-23 18:07:47,212 : ERROR : helping_function : create_csv : Error occurred while extracting - [Errno 2] No such file or directory: 'somerandomfile'
2023-04-23 18:07:47,212 : INFO : helping_function : create_csv : Loading the xml file
2023-04-23 18:07:47,212 : INFO : helping_function : create_csv : Parsing the xml file...
2023-04-23 18:07:47,212 : INFO : helping_function : create_csv : Extracting the required data from xml
2023-04-23 18:07:53,616 : INFO : helping_function : create_csv : All the required data extracted from xml file
2023-04-23 18:07:55,303 : INFO : helping_function : create_csv : Dropping empty rows
2023-04-23 18:07:55,321 : INFO : helping_function : create_csv : Creating the CSV file
2023-04-23 18:07:55,362 : ERROR : helping_function : create_csv : Error occurred while extracting - [Errno 2] No such file or directory: 'D:\\kqcA CK j \\DLTINS_20210117_01of01.csv'
2023-04-23 18:07:55,621 : INFO : helping_function : download : Downloading the xml file by the link provided.
2023-04-23 18:07:56,563 : INFO : helping_function : download : xml file downloaded
2023-04-23 18:07:56,563 : INFO : helping_function : download : Downloading the xml file by the link provided.
2023-04-23 18:07:57,259 : INFO : helping_function : download : Downloading the xml file by the link provided.
2023-04-23 18:07:58,124 : INFO : helping_function : download : xml file downloaded
2023-04-23 18:07:58,124 : INFO : helping_function : download : Downloading the xml file by the link provided.
2023-04-23 18:07:59,103 : INFO : helping_function : download : xml file downloaded
2023-04-23 18:07:59,112 : INFO : helping_function : parse_source_xml : Loading the xml file.
2023-04-23 18:07:59,112 : INFO : helping_function : parse_source_xml : Parsing the xml file.
2023-04-23 18:07:59,112 : INFO : helping_function : parse_source_xml : Traversing all the doc elements.
2023-04-23 18:07:59,112 : INFO : helping_function : parse_source_xml : Extracting the file type
2023-04-23 18:07:59,112 : INFO : helping_function : parse_source_xml : Match found for file type DLTINS
2023-04-23 18:07:59,112 : INFO : helping_function : parse_source_xml : Extracting the file name
2023-04-23 18:07:59,112 : INFO : helping_function : parse_source_xml : Extracting the file download link
2023-04-23 18:07:59,112 : INFO : helping_function : parse_source_xml : Loading the xml file.
2023-04-23 18:07:59,112 : ERROR : helping_function : parse_source_xml : Error occurred - [Errno 2] No such file or directory: 'D:\\STEELEYE\\SteelEyeAssignment\\xml_folder\\sourcefile.pwg'
2023-04-23 18:07:59,123 : INFO : helping_function : unzip_file : Extracting the compressed file
2023-04-23 18:07:59,465 : INFO : helping_function : unzip_file : Compressed file extracted
2023-04-23 18:07:59,465 : INFO : helping_function : unzip_file : Extracting the compressed file
2023-04-23 18:08:00,356 : INFO : helping_function : unzip_file : Compressed file extracted
2023-04-23 18:08:25,043 : INFO : control_room : load_config_file : loading the Config file.
2023-04-23 18:08:25,043 : INFO : control_room : load_config_file : Config file loaded successfully.
2023-04-23 18:08:25,043 : INFO : helping_function : create_csv : Loading the xml file
2023-04-23 18:08:26,886 : INFO : helping_function : create_csv : Parsing the xml file...
2023-04-23 18:08:26,886 : INFO : helping_function : create_csv : Extracting the required data from xml
2023-04-23 18:08:33,164 : INFO : helping_function : create_csv : All the required data extracted from xml file
2023-04-23 18:08:34,849 : INFO : helping_function : create_csv : Dropping empty rows
2023-04-23 18:08:34,866 : INFO : helping_function : create_csv : Creating the CSV file
2023-04-23 18:08:48,501 : INFO : helping_function : create_csv : Loading the xml file
2023-04-23 18:08:48,501 : ERROR : helping_function : create_csv : Error occurred while extracting - [Errno 2] No such file or directory: 'somerandomfile'
2023-04-23 18:08:48,501 : INFO : helping_function : create_csv : Loading the xml file
2023-04-23 18:08:48,506 : INFO : helping_function : create_csv : Parsing the xml file...
2023-04-23 18:08:48,506 : INFO : helping_function : create_csv : Extracting the required data from xml
2023-04-23 18:08:54,945 : INFO : helping_function : create_csv : All the required data extracted from xml file
2023-04-23 18:08:56,711 : INFO : helping_function : create_csv : Dropping empty rows
2023-04-23 18:08:56,723 : INFO : helping_function : create_csv : Creating the CSV file
2023-04-23 18:08:56,772 : ERROR : helping_function : create_csv : Error occurred while extracting - [Errno 2] No such file or directory: 'D:\\kqcA CK j \\DLTINS_20210117_01of01.csv'
2023-04-23 18:08:57,032 : INFO : helping_function : download : Downloading the xml file by the link provided.
2023-04-23 18:08:57,934 : INFO : helping_function : download : xml file downloaded
2023-04-23 18:08:57,935 : INFO : helping_function : download : Downloading the xml file by the link provided.
2023-04-23 18:08:58,494 : INFO : helping_function : download : Downloading the xml file by the link provided.
2023-04-23 18:08:59,446 : INFO : helping_function : download : xml file downloaded
2023-04-23 18:08:59,446 : INFO : helping_function : download : Downloading the xml file by the link provided.
2023-04-23 18:09:00,304 : INFO : helping_function : download : xml file downloaded
2023-04-23 18:09:00,313 : INFO : helping_function : parse_source_xml : Loading the xml file.
2023-04-23 18:09:00,316 : INFO : helping_function : parse_source_xml : Parsing the xml file.
2023-04-23 18:09:00,316 : INFO : helping_function : parse_source_xml : Traversing all the doc elements.
2023-04-23 18:09:00,316 : INFO : helping_function : parse_source_xml : Extracting the file type
2023-04-23 18:09:00,316 : INFO : helping_function : parse_source_xml : Match found for file type DLTINS
2023-04-23 18:09:00,316 : INFO : helping_function : parse_source_xml : Extracting the file name
2023-04-23 18:09:00,316 : INFO : helping_function : parse_source_xml : Extracting the file download link
2023-04-23 18:09:00,316 : INFO : helping_function : parse_source_xml : Loading the xml file.
2023-04-23 18:09:00,316 : ERROR : helping_function : parse_source_xml : Error occurred - [Errno 2] No such file or directory: 'D:\\STEELEYE\\SteelEyeAssignment\\xml_folder\\sourcefile.pwg'
2023-04-23 18:09:00,316 : INFO : helping_function : unzip_file : Extracting the compressed file
2023-04-23 18:09:00,655 : INFO : helping_function : unzip_file : Compressed file extracted
2023-04-23 18:09:00,655 : INFO : helping_function : unzip_file : Extracting the compressed file
2023-04-23 18:09:01,416 : INFO : helping_function : unzip_file : Compressed file extracted
2023-04-23 18:11:25,875 : INFO : control_room : load_config_file : loading the Config file.
2023-04-23 18:11:25,876 : INFO : control_room : load_config_file : Config file loaded successfully.
2023-04-23 18:11:52,797 : INFO : control_room : load_config_file : loading the Config file.
2023-04-23 18:11:52,797 : INFO : control_room : load_config_file : Config file loaded successfully.
2023-04-23 18:11:52,797 : INFO : helping_function : create_csv : Loading the xml file
2023-04-23 18:11:54,629 : INFO : helping_function : create_csv : Parsing the xml file...
2023-04-23 18:11:54,629 : INFO : helping_function : create_csv : Extracting the required data from xml
2023-04-23 18:12:00,738 : INFO : helping_function : create_csv : All the required data extracted from xml file
2023-04-23 18:12:02,415 : INFO : helping_function : create_csv : Dropping empty rows
2023-04-23 18:12:02,430 : INFO : helping_function : create_csv : Creating the CSV file
2023-04-23 18:12:16,828 : INFO : helping_function : create_csv : Loading the xml file
2023-04-23 18:12:16,828 : ERROR : helping_function : create_csv : Error occurred while extracting - [Errno 2] No such file or directory: 'somerandomfile'
2023-04-23 18:12:16,828 : INFO : helping_function : create_csv : Loading the xml file
2023-04-23 18:12:16,836 : INFO : helping_function : create_csv : Parsing the xml file...
2023-04-23 18:12:16,836 : INFO : helping_function : create_csv : Extracting the required data from xml
2023-04-23 18:12:23,226 : INFO : helping_function : create_csv : All the required data extracted from xml file
2023-04-23 18:12:24,966 : INFO : helping_function : create_csv : Dropping empty rows
2023-04-23 18:12:24,978 : INFO : helping_function : create_csv : Creating the CSV file
2023-04-23 18:12:25,027 : ERROR : helping_function : create_csv : Error occurred while extracting - [Errno 2] No such file or directory: 'D:\\kqcA CK j \\DLTINS_20210117_01of01.csv'
2023-04-23 18:12:25,272 : INFO : helping_function : download : Downloading the xml file by the link provided.
2023-04-23 18:12:26,158 : INFO : helping_function : download : xml file downloaded
2023-04-23 18:12:26,165 : INFO : helping_function : download : Downloading the xml file by the link provided.
2023-04-23 18:12:26,852 : INFO : helping_function : download : Downloading the xml file by the link provided.
2023-04-23 18:12:27,720 : INFO : helping_function : download : xml file downloaded
2023-04-23 18:12:27,720 : INFO : helping_function : download : Downloading the xml file by the link provided.
2023-04-23 18:12:28,566 : INFO : helping_function : download : xml file downloaded
2023-04-23 18:12:28,568 : INFO : helping_function : parse_source_xml : Loading the xml file.
2023-04-23 18:12:28,568 : INFO : helping_function : parse_source_xml : Parsing the xml file.
2023-04-23 18:12:28,568 : INFO : helping_function : parse_source_xml : Traversing all the doc elements.
2023-04-23 18:12:28,568 : INFO : helping_function : parse_source_xml : Extracting the file type
2023-04-23 18:12:28,568 : INFO : helping_function : parse_source_xml : Match found for file type DLTINS
2023-04-23 18:12:28,568 : INFO : helping_function : parse_source_xml : Extracting the file name
2023-04-23 18:12:28,568 : INFO : helping_function : parse_source_xml : Extracting the file download link
2023-04-23 18:12:28,568 : INFO : helping_function : parse_source_xml : Loading the xml file.
2023-04-23 18:12:28,568 : ERROR : helping_function : parse_source_xml : Error occurred - [Errno 2] No such file or directory: 'D:\\STEELEYE\\SteelEyeAssignment\\xml_folder\\sourcefile.pwg'
2023-04-23 18:12:28,568 : INFO : helping_function : unzip_file : Extracting the compressed file
2023-04-23 18:12:28,958 : INFO : helping_function : unzip_file : Compressed file extracted
2023-04-23 18:12:28,965 : INFO : helping_function : unzip_file : Extracting the compressed file
2023-04-23 18:12:29,745 : INFO : helping_function : unzip_file : Compressed file extracted
2023-04-23 18:18:13,512 : INFO : control_room : load_config_file : loading the Config file.
2023-04-23 18:18:13,512 : INFO : control_room : load_config_file : Config file loaded successfully.
2023-04-23 18:18:13,512 : INFO : helping_function : aws_s3_upload : Creating S3 resource object
2023-04-23 18:18:13,651 : INFO : helping_function : aws_s3_upload : Uploading the file to s3 bucket
2023-04-23 18:18:39,673 : INFO : helping_function : aws_s3_upload : File uploaded successfully to s3 bucket
2023-04-23 18:18:39,673 : INFO : helping_function : aws_s3_upload : Creating S3 resource object
2023-04-23 18:18:39,685 : INFO : helping_function : aws_s3_upload : Uploading the file to s3 bucket
2023-04-23 18:18:48,791 : ERROR : helping_function : aws_s3_upload : Error occurred while extracting - Could not connect to the endpoint URL: "https://mohit-s3-bucket-steeleye.s3.delhi-east.amazonaws.com/DLTINS_20210117_01of01.csv?uploads"
2023-04-23 18:18:48,791 : INFO : helping_function : aws_s3_upload : Creating S3 resource object
2023-04-23 18:18:48,804 : INFO : helping_function : aws_s3_upload : Uploading the file to s3 bucket
2023-04-23 18:18:49,990 : ERROR : helping_function : aws_s3_upload : Error occurred while extracting - Failed to upload D:\STEELEYE\SteelEyeAssignment\csv_files\DLTINS_20210117_01of01.csv to old-bucket-name/DLTINS_20210117_01of01.csv: An error occurred (NoSuchBucket) when calling the CreateMultipartUpload operation: The specified bucket does not exist
2023-04-23 18:18:49,992 : INFO : helping_function : aws_s3_upload : Creating S3 resource object
2023-04-23 18:18:50,000 : INFO : helping_function : aws_s3_upload : Uploading the file to s3 bucket
2023-04-23 18:18:50,529 : ERROR : helping_function : aws_s3_upload : Error occurred while extracting - Failed to upload D:\STEELEYE\SteelEyeAssignment\csv_files\DLTINS_20210117_01of01.csv to mohit-s3-bucket-steeleye/DLTINS_20210117_01of01.csv: An error occurred (InvalidAccessKeyId) when calling the CreateMultipartUpload operation: The AWS Access Key Id you provided does not exist in our records.
2023-04-23 18:18:50,531 : INFO : helping_function : create_csv : Loading the xml file
2023-04-23 18:18:52,561 : INFO : helping_function : create_csv : Parsing the xml file...
2023-04-23 18:18:52,561 : INFO : helping_function : create_csv : Extracting the required data from xml
2023-04-23 18:19:00,753 : INFO : helping_function : create_csv : All the required data extracted from xml file
2023-04-23 18:19:02,470 : INFO : helping_function : create_csv : Dropping empty rows
2023-04-23 18:19:02,485 : INFO : helping_function : create_csv : Creating the CSV file
2023-04-23 18:19:16,260 : INFO : helping_function : create_csv : Loading the xml file
2023-04-23 18:19:16,268 : ERROR : helping_function : create_csv : Error occurred while extracting - [Errno 2] No such file or directory: 'somerandomfile'
2023-04-23 18:19:16,268 : INFO : helping_function : create_csv : Loading the xml file
2023-04-23 18:19:16,269 : INFO : helping_function : create_csv : Parsing the xml file...
2023-04-23 18:19:16,269 : INFO : helping_function : create_csv : Extracting the required data from xml
2023-04-23 18:19:23,320 : INFO : helping_function : create_csv : All the required data extracted from xml file
2023-04-23 18:19:25,133 : INFO : helping_function : create_csv : Dropping empty rows
2023-04-23 18:19:25,149 : INFO : helping_function : create_csv : Creating the CSV file
2023-04-23 18:19:25,199 : ERROR : helping_function : create_csv : Error occurred while extracting - [Errno 2] No such file or directory: 'D:\\kqcA CK j \\DLTINS_20210117_01of01.csv'
2023-04-23 18:19:25,453 : INFO : helping_function : download : Downloading the xml file by the link provided.
2023-04-23 18:19:26,296 : INFO : helping_function : download : xml file downloaded
2023-04-23 18:19:26,296 : INFO : helping_function : download : Downloading the xml file by the link provided.
2023-04-23 18:19:26,468 : ERROR : helping_function : download : Error occurred - HTTPConnectionPool(host='lame-website.com', port=80): Max retries exceeded with url: / (Caused by NewConnectionError('<urllib3.connection.HTTPConnection object at 0x000001D73418B7D0>: Failed to establish a new connection: [Errno 11001] getaddrinfo failed'))
2023-04-23 18:19:26,468 : INFO : helping_function : download : Downloading the xml file by the link provided.
2023-04-23 18:19:27,485 : INFO : helping_function : download : xml file downloaded
2023-04-23 18:19:27,485 : INFO : helping_function : download : Downloading the xml file by the link provided.
2023-04-23 18:19:28,538 : INFO : helping_function : download : xml file downloaded
2023-04-23 18:19:28,538 : INFO : helping_function : parse_source_xml : Loading the xml file.
2023-04-23 18:19:28,542 : INFO : helping_function : parse_source_xml : Parsing the xml file.
2023-04-23 18:19:28,542 : INFO : helping_function : parse_source_xml : Traversing all the doc elements.
2023-04-23 18:19:28,542 : INFO : helping_function : parse_source_xml : Extracting the file type
2023-04-23 18:19:28,542 : INFO : helping_function : parse_source_xml : Match found for file type DLTINS
2023-04-23 18:19:28,542 : INFO : helping_function : parse_source_xml : Extracting the file name
2023-04-23 18:19:28,542 : INFO : helping_function : parse_source_xml : Extracting the file download link
2023-04-23 18:19:28,543 : INFO : helping_function : parse_source_xml : Loading the xml file.
2023-04-23 18:19:28,543 : ERROR : helping_function : parse_source_xml : Error occurred - [Errno 2] No such file or directory: 'D:\\STEELEYE\\SteelEyeAssignment\\xml_folder\\sourcefile.mohit'
2023-04-23 18:19:28,543 : INFO : helping_function : unzip_file : Extracting the compressed file
2023-04-23 18:19:28,863 : INFO : helping_function : unzip_file : Compressed file extracted
2023-04-23 18:19:28,863 : INFO : helping_function : unzip_file : Extracting the compressed file
2023-04-23 18:19:29,551 : INFO : helping_function : unzip_file : Compressed file extracted
2023-04-23 19:00:21,637 : INFO : control_room : load_config_file : loading the Config file.
2023-04-23 19:00:21,641 : INFO : control_room : load_config_file : Config file loaded successfully.
2023-04-23 19:00:21,641 : INFO : control_room : main : Extracting the xml source file url
2023-04-23 19:00:21,641 : INFO : control_room : main : Extracting the csv file path from config file
2023-04-23 19:00:21,641 : INFO : control_room : main : Extracting the xml file download path
2023-04-23 19:00:21,641 : INFO : control_room : main : Extracting AWS s3 bucket resource information from config file
2023-04-23 19:00:21,641 : INFO : control_room : main : Calling download function
2023-04-23 19:00:21,641 : INFO : helping_function : download : Downloading the xml file by the link provided.
2023-04-23 19:00:23,233 : INFO : helping_function : download : xml file downloaded
2023-04-23 19:00:23,233 : INFO : control_room : main : Calling the parse_source_xml function
2023-04-23 19:00:23,233 : INFO : helping_function : parse_source_xml : Loading the xml file.
2023-04-23 19:00:23,241 : INFO : helping_function : parse_source_xml : Parsing the xml file.
2023-04-23 19:00:23,241 : INFO : helping_function : parse_source_xml : Traversing all the doc elements.
2023-04-23 19:00:23,241 : INFO : helping_function : parse_source_xml : Extracting the file type
2023-04-23 19:00:23,241 : INFO : helping_function : parse_source_xml : Match found for file type DLTINS
2023-04-23 19:00:23,241 : INFO : helping_function : parse_source_xml : Extracting the file name
2023-04-23 19:00:23,241 : INFO : helping_function : parse_source_xml : Extracting the file download link
2023-04-23 19:00:23,241 : INFO : control_room : main : Calling download function
2023-04-23 19:00:23,241 : INFO : helping_function : download : Downloading the xml file by the link provided.
2023-04-23 19:01:39,373 : INFO : helping_function : download : xml file downloaded
2023-04-23 19:01:39,373 : INFO : helping_function : unzip_file : Extracting the compressed file
2023-04-23 19:01:39,820 : INFO : helping_function : unzip_file : Compressed file extracted
2023-04-23 19:01:39,820 : INFO : control_room : main : Calling create csv function
2023-04-23 19:01:39,820 : INFO : helping_function : create_csv : Loading the xml file
2023-04-23 19:01:41,577 : INFO : helping_function : create_csv : Parsing the xml file...
2023-04-23 19:01:41,577 : INFO : helping_function : create_csv : Extracting the required data from xml
2023-04-23 19:01:48,885 : INFO : helping_function : create_csv : All the required data extracted from xml file
2023-04-23 19:01:50,697 : INFO : helping_function : create_csv : Dropping empty rows
2023-04-23 19:01:50,718 : INFO : helping_function : create_csv : Creating the CSV file
2023-04-23 19:02:05,397 : INFO : helping_function : aws_s3_upload : Creating S3 resource object
2023-04-23 19:02:06,880 : INFO : helping_function : aws_s3_upload : Uploading the file to s3 bucket
2023-04-23 19:02:55,260 : INFO : helping_function : aws_s3_upload : File uploaded successfully to s3 bucket
2023-04-23 19:03:07,585 : INFO : control_room : load_config_file : loading the Config file.
2023-04-23 19:03:07,585 : INFO : control_room : load_config_file : Config file loaded successfully.
2023-04-23 19:03:07,585 : INFO : helping_function : aws_s3_upload : Creating S3 resource object
2023-04-23 19:03:07,711 : INFO : helping_function : aws_s3_upload : Uploading the file to s3 bucket
2023-04-23 19:03:42,711 : INFO : helping_function : aws_s3_upload : File uploaded successfully to s3 bucket
2023-04-23 19:03:42,711 : INFO : helping_function : aws_s3_upload : Creating S3 resource object
2023-04-23 19:03:42,726 : INFO : helping_function : aws_s3_upload : Uploading the file to s3 bucket
2023-04-23 19:03:51,913 : ERROR : helping_function : aws_s3_upload : Error occurred while extracting - Could not connect to the endpoint URL: "https://mohit-s3-bucket-steeleye.s3.delhi-east.amazonaws.com/DLTINS_20210117_01of01.csv?uploads"
2023-04-23 19:03:51,913 : INFO : helping_function : aws_s3_upload : Creating S3 resource object
2023-04-23 19:03:51,913 : INFO : helping_function : aws_s3_upload : Uploading the file to s3 bucket
2023-04-23 19:03:52,806 : ERROR : helping_function : aws_s3_upload : Error occurred while extracting - Failed to upload D:\STEELEYE\SteelEyeAssignment\csv_files\DLTINS_20210117_01of01.csv to old-bucket-name/DLTINS_20210117_01of01.csv: An error occurred (NoSuchBucket) when calling the CreateMultipartUpload operation: The specified bucket does not exist
2023-04-23 19:03:52,806 : INFO : helping_function : aws_s3_upload : Creating S3 resource object
2023-04-23 19:03:52,814 : INFO : helping_function : aws_s3_upload : Uploading the file to s3 bucket
2023-04-23 19:03:53,799 : ERROR : helping_function : aws_s3_upload : Error occurred while extracting - Failed to upload D:\STEELEYE\SteelEyeAssignment\csv_files\DLTINS_20210117_01of01.csv to mohit-s3-bucket-steeleye/DLTINS_20210117_01of01.csv: An error occurred (InvalidAccessKeyId) when calling the CreateMultipartUpload operation: The AWS Access Key Id you provided does not exist in our records.
2023-04-23 19:03:53,799 : INFO : helping_function : create_csv : Loading the xml file
2023-04-23 19:03:53,799 : INFO : helping_function : create_csv : Parsing the xml file...
2023-04-23 19:03:53,799 : INFO : helping_function : create_csv : Extracting the required data from xml
2023-04-23 19:04:00,718 : INFO : helping_function : create_csv : All the required data extracted from xml file
2023-04-23 19:04:02,440 : INFO : helping_function : create_csv : Dropping empty rows
2023-04-23 19:04:02,456 : INFO : helping_function : create_csv : Creating the CSV file
2023-04-23 19:04:16,222 : INFO : helping_function : create_csv : Loading the xml file
2023-04-23 19:04:16,222 : ERROR : helping_function : create_csv : Error occurred while extracting - [Errno 2] No such file or directory: 'somerandomfile'
2023-04-23 19:04:16,222 : INFO : helping_function : create_csv : Loading the xml file
2023-04-23 19:04:16,226 : INFO : helping_function : create_csv : Parsing the xml file...
2023-04-23 19:04:16,226 : INFO : helping_function : create_csv : Extracting the required data from xml
2023-04-23 19:04:23,643 : INFO : helping_function : create_csv : All the required data extracted from xml file
2023-04-23 19:04:25,750 : INFO : helping_function : create_csv : Dropping empty rows
2023-04-23 19:04:25,774 : INFO : helping_function : create_csv : Creating the CSV file
2023-04-23 19:04:25,827 : ERROR : helping_function : create_csv : Error occurred while extracting - [Errno 2] No such file or directory: 'D:\\kqcA CK j \\DLTINS_20210117_01of01.csv'
2023-04-23 19:04:26,127 : INFO : helping_function : download : Downloading the xml file by the link provided.
2023-04-23 19:04:27,233 : INFO : helping_function : download : xml file downloaded
2023-04-23 19:04:27,233 : INFO : helping_function : download : Downloading the xml file by the link provided.
2023-04-23 19:04:27,476 : ERROR : helping_function : download : Error occurred - HTTPConnectionPool(host='lame-website.com', port=80): Max retries exceeded with url: / (Caused by NewConnectionError('<urllib3.connection.HTTPConnection object at 0x0000016AB2CE38D0>: Failed to establish a new connection: [Errno 11001] getaddrinfo failed'))
2023-04-23 19:04:27,476 : INFO : helping_function : download : Downloading the xml file by the link provided.
2023-04-23 19:04:28,461 : INFO : helping_function : download : xml file downloaded
2023-04-23 19:04:28,461 : INFO : helping_function : download : Downloading the xml file by the link provided.
2023-04-23 19:04:29,582 : INFO : helping_function : download : xml file downloaded
2023-04-23 19:04:29,590 : INFO : helping_function : parse_source_xml : Loading the xml file.
2023-04-23 19:04:29,591 : INFO : helping_function : parse_source_xml : Parsing the xml file.
2023-04-23 19:04:29,591 : INFO : helping_function : parse_source_xml : Traversing all the doc elements.
2023-04-23 19:04:29,591 : INFO : helping_function : parse_source_xml : Extracting the file type
2023-04-23 19:04:29,591 : INFO : helping_function : parse_source_xml : Match found for file type DLTINS
2023-04-23 19:04:29,591 : INFO : helping_function : parse_source_xml : Extracting the file name
2023-04-23 19:04:29,591 : INFO : helping_function : parse_source_xml : Extracting the file download link
2023-04-23 19:04:29,591 : INFO : helping_function : parse_source_xml : Loading the xml file.
2023-04-23 19:04:29,591 : ERROR : helping_function : parse_source_xml : Error occurred - [Errno 2] No such file or directory: 'D:\\STEELEYE\\SteelEyeAssignment\\xml_folder\\sourcefile.mohit'
2023-04-23 19:04:29,591 : INFO : helping_function : unzip_file : Extracting the compressed file
2023-04-23 19:04:29,899 : INFO : helping_function : unzip_file : Compressed file extracted
2023-04-23 19:04:29,899 : INFO : helping_function : unzip_file : Extracting the compressed file
2023-04-23 19:04:30,603 : INFO : helping_function : unzip_file : Compressed file extracted
